E:\HOLD\LEARN\MYSELF\MFC\VS2010\DEFSERIALPORT\SRC\DEBUG\DEFSERIALPORT.EXE
E:\HOLD\LEARN\MYSELF\MFC\VS2010\DEFSERIALPORT\SRC\DEBUG\DEFSERIALPORT.ILK
E:\HOLD\LEARN\MYSELF\MFC\VS2010\DEFSERIALPORT\SRC\DEBUG\DEFSERIALPORT.PDB
E:\hold\learn\myself\MFC\VS2010\DefSerialPort\src\DefSerialPort\Debug\cl.command.1.tlog
E:\hold\learn\myself\MFC\VS2010\DefSerialPort\src\DefSerialPort\Debug\CL.read.1.tlog
E:\hold\learn\myself\MFC\VS2010\DefSerialPort\src\DefSerialPort\Debug\CL.write.1.tlog
E:\HOLD\LEARN\MYSELF\MFC\VS2010\DEFSERIALPORT\SRC\DEFSERIALPORT\DEBUG\CRITICALSECTION.OBJ
E:\HOLD\LEARN\MYSELF\MFC\VS2010\DEFSERIALPORT\SRC\DEFSERIALPORT\DEBUG\DEF.OBJ
E:\HOLD\LEARN\MYSELF\MFC\VS2010\DEFSERIALPORT\SRC\DEFSERIALPORT\DEBUG\DEFSERIALPORT.EXE.EMBED.MANIFEST
E:\HOLD\LEARN\MYSELF\MFC\VS2010\DEFSERIALPORT\SRC\DEFSERIALPORT\DEBUG\DEFSERIALPORT.EXE.EMBED.MANIFEST.RES
E:\HOLD\LEARN\MYSELF\MFC\VS2010\DEFSERIALPORT\SRC\DEFSERIALPORT\DEBUG\DEFSERIALPORT.EXE.INTERMEDIATE.MANIFEST
E:\HOLD\LEARN\MYSELF\MFC\VS2010\DEFSERIALPORT\SRC\DEFSERIALPORT\DEBUG\DEFSERIALPORT.OBJ
E:\HOLD\LEARN\MYSELF\MFC\VS2010\DEFSERIALPORT\SRC\DEFSERIALPORT\DEBUG\DEFSERIALPORT.PCH
E:\hold\learn\myself\MFC\VS2010\DefSerialPort\src\DefSerialPort\Debug\DefSerialPort.write.1.tlog
E:\hold\learn\myself\MFC\VS2010\DefSerialPort\src\DefSerialPort\Debug\DefSerialPort_manifest.rc
E:\hold\learn\myself\MFC\VS2010\DefSerialPort\src\DefSerialPort\Debug\link.5972.read.1.tlog
E:\hold\learn\myself\MFC\VS2010\DefSerialPort\src\DefSerialPort\Debug\link.5972.write.1.tlog
E:\hold\learn\myself\MFC\VS2010\DefSerialPort\src\DefSerialPort\Debug\link.5972-cvtres.read.1.tlog
E:\hold\learn\myself\MFC\VS2010\DefSerialPort\src\DefSerialPort\Debug\link.5972-cvtres.write.1.tlog
E:\hold\learn\myself\MFC\VS2010\DefSerialPort\src\DefSerialPort\Debug\link.6796.read.1.tlog
E:\hold\learn\myself\MFC\VS2010\DefSerialPort\src\DefSerialPort\Debug\link.6796.write.1.tlog
E:\hold\learn\myself\MFC\VS2010\DefSerialPort\src\DefSerialPort\Debug\link.6796-cvtres.read.1.tlog
E:\hold\learn\myself\MFC\VS2010\DefSerialPort\src\DefSerialPort\Debug\link.6796-cvtres.write.1.tlog
E:\hold\learn\myself\MFC\VS2010\DefSerialPort\src\DefSerialPort\Debug\link.command.1.tlog
E:\hold\learn\myself\MFC\VS2010\DefSerialPort\src\DefSerialPort\Debug\link.read.1.tlog
E:\hold\learn\myself\MFC\VS2010\DefSerialPort\src\DefSerialPort\Debug\link.write.1.tlog
E:\hold\learn\myself\MFC\VS2010\DefSerialPort\src\DefSerialPort\Debug\link-cvtres.read.1.tlog
E:\hold\learn\myself\MFC\VS2010\DefSerialPort\src\DefSerialPort\Debug\link-cvtres.write.1.tlog
E:\hold\learn\myself\MFC\VS2010\DefSerialPort\src\DefSerialPort\Debug\mt.command.1.tlog
E:\hold\learn\myself\MFC\VS2010\DefSerialPort\src\DefSerialPort\Debug\mt.read.1.tlog
E:\hold\learn\myself\MFC\VS2010\DefSerialPort\src\DefSerialPort\Debug\mt.write.1.tlog
E:\hold\learn\myself\MFC\VS2010\DefSerialPort\src\DefSerialPort\Debug\rc.command.1.tlog
E:\hold\learn\myself\MFC\VS2010\DefSerialPort\src\DefSerialPort\Debug\rc.read.1.tlog
E:\hold\learn\myself\MFC\VS2010\DefSerialPort\src\DefSerialPort\Debug\rc.write.1.tlog
E:\HOLD\LEARN\MYSELF\MFC\VS2010\DEFSERIALPORT\SRC\DEFSERIALPORT\DEBUG\STDAFX.OBJ
E:\hold\learn\myself\MFC\VS2010\DefSerialPort\src\DefSerialPort\Debug\vc100.idb
E:\HOLD\LEARN\MYSELF\MFC\VS2010\DEFSERIALPORT\SRC\DEFSERIALPORT\DEBUG\VC100.PDB
